<?xml version="1.0" encoding="UTF-8"?>
<testng-results ignored="0" total="1" passed="1" failed="0" skipped="0">
  <reporter-output>
  </reporter-output>
  <suite started-at="2023-04-20T21:27:13 IST" name="Default suite" finished-at="2023-04-20T21:27:14 IST" duration-ms="72">
    <groups>
    </groups>
    <test started-at="2023-04-20T21:27:13 IST" name="Default test" finished-at="2023-04-20T21:27:14 IST" duration-ms="72">
      <class name="Build1.Test1">
        <test-method signature="newT()[pri:0, instance:Build1.Test1@2667f029]" started-at="2023-04-20T21:27:14 IST" name="newT" finished-at="2023-04-20T21:27:14 IST" duration-ms="15" status="PASS">
          <reporter-output>
          </reporter-output>
        </test-method> <!-- newT -->
      </class> <!-- Build1.Test1 -->
    </test> <!-- Default test -->
  </suite> <!-- Default suite -->
</testng-results>
